# JRE version: OpenJDK Runtime Environment Microsoft-8035246 (17.0.8+7) (build 17.0.8+7-LTS)
# Java VM: OpenJDK 64-Bit Server VM Microsoft-8035246 (17.0.8+7-LTS, mixed mode, sharing, tiered, compressed oops, compressed class ptrs, g1 gc, windows-amd64)
GC Precious Log:
 CPUs: 4 total, 4 available
 Memory: 16169M
 Large Page Support: Disabled
 NUMA Support: Disabled
 Compressed Oops: Enabled (32-bit)
 Heap Region Size: 1M
 Heap Min Capacity: 8M
 Heap Initial Capacity: 254M
 Heap Max Capacity: 2G
 Pre-touch: Disabled
 Parallel Workers: 4
 Concurrent Workers: 1
 Concurrent Refinement Workers: 4
 Periodic GC: Disabled
Heap:
 garbage-first heap   total 297984K, used 244176K [0x0000000080000000, 0x0000000100000000)
  region size 1024K, 64 young (65536K), 6 survivors (6144K)
 Metaspace       used 107642K, committed 108672K, reserved 557056K
  class space    used 14965K, committed 15424K, reserved 425984K
GC Heap History (20 events):
Event: 53.521 GC heap before
{Heap before GC invocations=51 (full 0):
 garbage-first heap   total 207872K, used 164915K [0x0000000080000000, 0x0000000100000000)
  region size 1024K, 72 young (73728K), 7 survivors (7168K)
 Metaspace       used 91542K, committed 92352K, reserved 557056K
  class space    used 12772K, committed 13120K, reserved 425984K
}
Event: 53.537 GC heap after
{Heap after GC invocations=52 (full 0):
 garbage-first heap   total 207872K, used 110266K [0x0000000080000000, 0x0000000100000000)
  region size 1024K, 9 young (9216K), 9 survivors (9216K)
 Metaspace       used 91542K, committed 92352K, reserved 557056K
  class space    used 12772K, committed 13120K, reserved 425984K
}
Event: 54.481 GC heap before
{Heap before GC invocations=52 (full 0):
 garbage-first heap   total 207872K, used 165562K [0x0000000080000000, 0x0000000100000000)
  region size 1024K, 61 young (62464K), 9 survivors (9216K)
 Metaspace       used 92788K, committed 93632K, reserved 557056K
  class space    used 12993K, committed 13376K, reserved 425984K
}
Event: 54.502 GC heap after
{Heap after GC invocations=53 (full 0):
 garbage-first heap   total 207872K, used 122157K [0x0000000080000000, 0x0000000100000000)
  region size 1024K, 8 young (8192K), 8 survivors (8192K)
 Metaspace       used 92788K, committed 93632K, reserved 557056K
  class space    used 12993K, committed 13376K, reserved 425984K
}
Event: 55.463 GC heap before
{Heap before GC invocations=53 (full 0):
 garbage-first heap   total 207872K, used 165165K [0x0000000080000000, 0x0000000100000000)
  region size 1024K, 50 young (51200K), 8 survivors (8192K)
 Metaspace       used 94508K, committed 95424K, reserved 557056K
  class space    used 13248K, committed 13632K, reserved 425984K
}
Event: 55.481 GC heap after
{Heap after GC invocations=54 (full 0):
 garbage-first heap   total 207872K, used 128612K [0x0000000080000000, 0x0000000100000000)
  region size 1024K, 6 young (6144K), 6 survivors (6144K)
 Metaspace       used 94508K, committed 95424K, reserved 557056K
  class space    used 13248K, committed 13632K, reserved 425984K
}
Event: 56.537 GC heap before
{Heap before GC invocations=54 (full 0):
 garbage-first heap   total 207872K, used 167524K [0x0000000080000000, 0x0000000100000000)
  region size 1024K, 44 young (45056K), 6 survivors (6144K)
 Metaspace       used 96720K, committed 97600K, reserved 557056K
  class space    used 13560K, committed 13952K, reserved 425984K
}
Event: 56.547 GC heap after
{Heap after GC invocations=55 (full 0):
 garbage-first heap   total 207872K, used 130160K [0x0000000080000000, 0x0000000100000000)
  region size 1024K, 2 young (2048K), 2 survivors (2048K)
 Metaspace       used 96720K, committed 97600K, reserved 557056K
  class space    used 13560K, committed 13952K, reserved 425984K
}
Event: 57.077 GC heap before
{Heap before GC invocations=55 (full 0):
 garbage-first heap   total 207872K, used 170096K [0x0000000080000000, 0x0000000100000000)
  region size 1024K, 41 young (41984K), 2 survivors (2048K)
 Metaspace       used 98735K, committed 99648K, reserved 557056K
  class space    used 13849K, committed 14272K, reserved 425984K
}
Event: 57.089 GC heap after
{Heap after GC invocations=56 (full 0):
 garbage-first heap   total 207872K, used 132139K [0x0000000080000000, 0x0000000100000000)
  region size 1024K, 4 young (4096K), 4 survivors (4096K)
 Metaspace       used 98735K, committed 99648K, reserved 557056K
  class space    used 13849K, committed 14272K, reserved 425984K
}
Event: 57.602 GC heap before
{Heap before GC invocations=56 (full 0):
 garbage-first heap   total 207872K, used 172075K [0x0000000080000000, 0x0000000100000000)
  region size 1024K, 43 young (44032K), 4 survivors (4096K)
 Metaspace       used 99840K, committed 100800K, reserved 557056K
  class space    used 13979K, committed 14400K, reserved 425984K
}
Event: 57.620 GC heap after
{Heap after GC invocations=57 (full 0):
 garbage-first heap   total 297984K, used 136851K [0x0000000080000000, 0x0000000100000000)
  region size 1024K, 6 young (6144K), 6 survivors (6144K)
 Metaspace       used 99840K, committed 100800K, reserved 557056K
  class space    used 13979K, committed 14400K, reserved 425984K
}
Event: 59.123 GC heap before
{Heap before GC invocations=57 (full 0):
 garbage-first heap   total 297984K, used 239251K [0x0000000080000000, 0x0000000100000000)
  region size 1024K, 105 young (107520K), 6 survivors (6144K)
 Metaspace       used 100351K, committed 101376K, reserved 557056K
  class space    used 14030K, committed 14464K, reserved 425984K
}
Event: 59.162 GC heap after
{Heap after GC invocations=58 (full 0):
 garbage-first heap   total 297984K, used 153910K [0x0000000080000000, 0x0000000100000000)
  region size 1024K, 14 young (14336K), 14 survivors (14336K)
 Metaspace       used 100351K, committed 101376K, reserved 557056K
  class space    used 14030K, committed 14464K, reserved 425984K
}
Event: 60.908 GC heap before
{Heap before GC invocations=58 (full 0):
 garbage-first heap   total 297984K, used 236854K [0x0000000080000000, 0x0000000100000000)
  region size 1024K, 95 young (97280K), 14 survivors (14336K)
 Metaspace       used 105436K, committed 106432K, reserved 557056K
  class space    used 14727K, committed 15168K, reserved 425984K
}
Event: 60.940 GC heap after
{Heap after GC invocations=59 (full 0):
 garbage-first heap   total 297984K, used 167424K [0x0000000080000000, 0x0000000100000000)
  region size 1024K, 12 young (12288K), 12 survivors (12288K)
 Metaspace       used 105436K, committed 106432K, reserved 557056K
  class space    used 14727K, committed 15168K, reserved 425984K
}
Event: 62.058 GC heap before
{Heap before GC invocations=59 (full 0):
 garbage-first heap   total 297984K, used 241152K [0x0000000080000000, 0x0000000100000000)
  region size 1024K, 84 young (86016K), 12 survivors (12288K)
 Metaspace       used 106407K, committed 107520K, reserved 557056K
  class space    used 14814K, committed 15296K, reserved 425984K
}
Event: 62.091 GC heap after
{Heap after GC invocations=60 (full 0):
 garbage-first heap   total 297984K, used 176128K [0x0000000080000000, 0x0000000100000000)
  region size 1024K, 9 young (9216K), 9 survivors (9216K)
 Metaspace       used 106407K, committed 107520K, reserved 557056K
  class space    used 14814K, committed 15296K, reserved 425984K
}
Event: 63.812 GC heap before
{Heap before GC invocations=60 (full 0):
 garbage-first heap   total 297984K, used 243712K [0x0000000080000000, 0x0000000100000000)
  region size 1024K, 76 young (77824K), 9 survivors (9216K)
 Metaspace       used 107547K, committed 108608K, reserved 557056K
  class space    used 14965K, committed 15424K, reserved 425984K
}
Event: 63.837 GC heap after
{Heap after GC invocations=61 (full 0):
 garbage-first heap   total 297984K, used 182736K [0x0000000080000000, 0x0000000100000000)
  region size 1024K, 6 young (6144K), 6 survivors (6144K)
 Metaspace       used 107547K, committed 108608K, reserved 557056K
  class space    used 14965K, committed 15424K, reserved 425984K
}

