# JRE version: OpenJDK Runtime Environment Microsoft-8035246 (17.0.8+7) (build 17.0.8+7-LTS)
# Java VM: OpenJDK 64-Bit Server VM Microsoft-8035246 (17.0.8+7-LTS, mixed mode, sharing, tiered, compressed oops, compressed class ptrs, g1 gc, windows-amd64)
GC Precious Log:
 CPUs: 4 total, 4 available
 Memory: 16169M
 Large Page Support: Disabled
 NUMA Support: Disabled
 Compressed Oops: Enabled (32-bit)
 Heap Region Size: 1M
 Heap Min Capacity: 8M
 Heap Initial Capacity: 254M
 Heap Max Capacity: 2G
 Pre-touch: Disabled
 Parallel Workers: 4
 Concurrent Workers: 1
 Concurrent Refinement Workers: 4
 Periodic GC: Disabled
Heap:
 garbage-first heap   total 249856K, used 191295K [0x0000000080000000, 0x0000000100000000)
  region size 1024K, 6 young (6144K), 4 survivors (4096K)
 Metaspace       used 108776K, committed 110016K, reserved 557056K
  class space    used 15081K, committed 15616K, reserved 425984K
GC Heap History (20 events):
Event: 73.195 GC heap before
{Heap before GC invocations=61 (full 0):
 garbage-first heap   total 207872K, used 173723K [0x0000000080000000, 0x0000000100000000)
  region size 1024K, 38 young (38912K), 6 survivors (6144K)
 Metaspace       used 101272K, committed 102336K, reserved 557056K
  class space    used 14152K, committed 14592K, reserved 425984K
}
Event: 73.209 GC heap after
{Heap after GC invocations=62 (full 0):
 garbage-first heap   total 207872K, used 147248K [0x0000000080000000, 0x0000000100000000)
  region size 1024K, 5 young (5120K), 5 survivors (5120K)
 Metaspace       used 101272K, committed 102336K, reserved 557056K
  class space    used 14152K, committed 14592K, reserved 425984K
}
Event: 74.274 GC heap before
{Heap before GC invocations=62 (full 0):
 garbage-first heap   total 207872K, used 173872K [0x0000000080000000, 0x0000000100000000)
  region size 1024K, 31 young (31744K), 5 survivors (5120K)
 Metaspace       used 101761K, committed 102848K, reserved 557056K
  class space    used 14212K, committed 14656K, reserved 425984K
}
Event: 74.287 GC heap after
{Heap after GC invocations=63 (full 0):
 garbage-first heap   total 249856K, used 152540K [0x0000000080000000, 0x0000000100000000)
  region size 1024K, 4 young (4096K), 4 survivors (4096K)
 Metaspace       used 101761K, committed 102848K, reserved 557056K
  class space    used 14212K, committed 14656K, reserved 425984K
}
Event: 76.027 GC heap before
{Heap before GC invocations=63 (full 0):
 garbage-first heap   total 249856K, used 202716K [0x0000000080000000, 0x0000000100000000)
  region size 1024K, 53 young (54272K), 4 survivors (4096K)
 Metaspace       used 102692K, committed 103808K, reserved 557056K
  class space    used 14305K, committed 14784K, reserved 425984K
}
Event: 76.043 GC heap after
{Heap after GC invocations=64 (full 0):
 garbage-first heap   total 249856K, used 164404K [0x0000000080000000, 0x0000000100000000)
  region size 1024K, 7 young (7168K), 7 survivors (7168K)
 Metaspace       used 102692K, committed 103808K, reserved 557056K
  class space    used 14305K, committed 14784K, reserved 425984K
}
Event: 76.934 GC heap before
{Heap before GC invocations=64 (full 0):
 garbage-first heap   total 249856K, used 203316K [0x0000000080000000, 0x0000000100000000)
  region size 1024K, 45 young (46080K), 7 survivors (7168K)
 Metaspace       used 106067K, committed 107264K, reserved 557056K
  class space    used 14808K, committed 15360K, reserved 425984K
}
Event: 76.950 GC heap after
{Heap after GC invocations=65 (full 0):
 garbage-first heap   total 249856K, used 167163K [0x0000000080000000, 0x0000000100000000)
  region size 1024K, 2 young (2048K), 2 survivors (2048K)
 Metaspace       used 106067K, committed 107264K, reserved 557056K
  class space    used 14808K, committed 15360K, reserved 425984K
}
Event: 78.639 GC heap before
{Heap before GC invocations=65 (full 0):
 garbage-first heap   total 249856K, used 206075K [0x0000000080000000, 0x0000000100000000)
  region size 1024K, 40 young (40960K), 2 survivors (2048K)
 Metaspace       used 106994K, committed 108160K, reserved 557056K
  class space    used 14906K, committed 15424K, reserved 425984K
}
Event: 78.659 GC heap after
{Heap after GC invocations=66 (full 0):
 garbage-first heap   total 249856K, used 174080K [0x0000000080000000, 0x0000000100000000)
  region size 1024K, 5 young (5120K), 5 survivors (5120K)
 Metaspace       used 106994K, committed 108160K, reserved 557056K
  class space    used 14906K, committed 15424K, reserved 425984K
}
Event: 79.749 GC heap before
{Heap before GC invocations=66 (full 0):
 garbage-first heap   total 249856K, used 207872K [0x0000000080000000, 0x0000000100000000)
  region size 1024K, 38 young (38912K), 5 survivors (5120K)
 Metaspace       used 107251K, committed 108480K, reserved 557056K
  class space    used 14918K, committed 15488K, reserved 425984K
}
Event: 79.763 GC heap after
{Heap after GC invocations=67 (full 0):
 garbage-first heap   total 249856K, used 177758K [0x0000000080000000, 0x0000000100000000)
  region size 1024K, 4 young (4096K), 4 survivors (4096K)
 Metaspace       used 107251K, committed 108480K, reserved 557056K
  class space    used 14918K, committed 15488K, reserved 425984K
}
Event: 81.055 GC heap before
{Heap before GC invocations=67 (full 0):
 garbage-first heap   total 249856K, used 209502K [0x0000000080000000, 0x0000000100000000)
  region size 1024K, 35 young (35840K), 4 survivors (4096K)
 Metaspace       used 107512K, committed 108672K, reserved 557056K
  class space    used 14938K, committed 15488K, reserved 425984K
}
Event: 81.067 GC heap after
{Heap after GC invocations=68 (full 0):
 garbage-first heap   total 249856K, used 181779K [0x0000000080000000, 0x0000000100000000)
  region size 1024K, 4 young (4096K), 4 survivors (4096K)
 Metaspace       used 107512K, committed 108672K, reserved 557056K
  class space    used 14938K, committed 15488K, reserved 425984K
}
Event: 81.808 GC heap before
{Heap before GC invocations=68 (full 0):
 garbage-first heap   total 249856K, used 211475K [0x0000000080000000, 0x0000000100000000)
  region size 1024K, 33 young (33792K), 4 survivors (4096K)
 Metaspace       used 108096K, committed 109376K, reserved 557056K
  class space    used 15023K, committed 15616K, reserved 425984K
}
Event: 81.822 GC heap after
{Heap after GC invocations=69 (full 0):
 garbage-first heap   total 249856K, used 185014K [0x0000000080000000, 0x0000000100000000)
  region size 1024K, 4 young (4096K), 4 survivors (4096K)
 Metaspace       used 108096K, committed 109376K, reserved 557056K
  class space    used 15023K, committed 15616K, reserved 425984K
}
Event: 82.621 GC heap before
{Heap before GC invocations=69 (full 0):
 garbage-first heap   total 249856K, used 211638K [0x0000000080000000, 0x0000000100000000)
  region size 1024K, 31 young (31744K), 4 survivors (4096K)
 Metaspace       used 108372K, committed 109632K, reserved 557056K
  class space    used 15030K, committed 15616K, reserved 425984K
}
Event: 82.629 GC heap after
{Heap after GC invocations=70 (full 0):
 garbage-first heap   total 249856K, used 186519K [0x0000000080000000, 0x0000000100000000)
  region size 1024K, 2 young (2048K), 2 survivors (2048K)
 Metaspace       used 108372K, committed 109632K, reserved 557056K
  class space    used 15030K, committed 15616K, reserved 425984K
}
Event: 83.659 GC heap before
{Heap before GC invocations=70 (full 0):
 garbage-first heap   total 249856K, used 213143K [0x0000000080000000, 0x0000000100000000)
  region size 1024K, 29 young (29696K), 2 survivors (2048K)
 Metaspace       used 108705K, committed 109888K, reserved 557056K
  class space    used 15080K, committed 15616K, reserved 425984K
}
Event: 83.666 GC heap after
{Heap after GC invocations=71 (full 0):
 garbage-first heap   total 249856K, used 188421K [0x0000000080000000, 0x0000000100000000)
  region size 1024K, 4 young (4096K), 4 survivors (4096K)
 Metaspace       used 108705K, committed 109888K, reserved 557056K
  class space    used 15080K, committed 15616K, reserved 425984K
}

