# JRE version: OpenJDK Runtime Environment Microsoft-8035246 (17.0.8+7) (build 17.0.8+7-LTS)
# Java VM: OpenJDK 64-Bit Server VM Microsoft-8035246 (17.0.8+7-LTS, mixed mode, sharing, tiered, compressed oops, compressed class ptrs, g1 gc, windows-amd64)
GC Precious Log:
 CPUs: 4 total, 4 available
 Memory: 16169M
 Large Page Support: Disabled
 NUMA Support: Disabled
 Compressed Oops: Enabled (32-bit)
 Heap Region Size: 1M
 Heap Min Capacity: 8M
 Heap Initial Capacity: 254M
 Heap Max Capacity: 2G
 Pre-touch: Disabled
 Parallel Workers: 4
 Concurrent Workers: 1
 Concurrent Refinement Workers: 4
 Periodic GC: Disabled
Heap:
 garbage-first heap   total 353280K, used 257880K [0x0000000080000000, 0x0000000100000000)
  region size 1024K, 99 young (101376K), 9 survivors (9216K)
 Metaspace       used 103262K, committed 104320K, reserved 557056K
  class space    used 14324K, committed 14848K, reserved 425984K
GC Heap History (20 events):
Event: 25.436 GC heap before
{Heap before GC invocations=37 (full 0):
 garbage-first heap   total 158720K, used 120425K [0x0000000080000000, 0x0000000100000000)
  region size 1024K, 38 young (38912K), 1 survivors (1024K)
 Metaspace       used 75671K, committed 76416K, reserved 557056K
  class space    used 10479K, committed 10816K, reserved 425984K
}
Event: 25.441 GC heap after
{Heap after GC invocations=38 (full 0):
 garbage-first heap   total 158720K, used 84601K [0x0000000080000000, 0x0000000100000000)
  region size 1024K, 3 young (3072K), 3 survivors (3072K)
 Metaspace       used 75671K, committed 76416K, reserved 557056K
  class space    used 10479K, committed 10816K, reserved 425984K
}
Event: 25.941 GC heap before
{Heap before GC invocations=39 (full 0):
 garbage-first heap   total 178176K, used 128633K [0x0000000080000000, 0x0000000100000000)
  region size 1024K, 40 young (40960K), 3 survivors (3072K)
 Metaspace       used 77397K, committed 78144K, reserved 557056K
  class space    used 10717K, committed 11072K, reserved 425984K
}
Event: 25.947 GC heap after
{Heap after GC invocations=40 (full 0):
 garbage-first heap   total 178176K, used 87850K [0x0000000080000000, 0x0000000100000000)
  region size 1024K, 5 young (5120K), 5 survivors (5120K)
 Metaspace       used 77397K, committed 78144K, reserved 557056K
  class space    used 10717K, committed 11072K, reserved 425984K
}
Event: 25.987 GC heap before
{Heap before GC invocations=40 (full 0):
 garbage-first heap   total 178176K, used 90922K [0x0000000080000000, 0x0000000100000000)
  region size 1024K, 8 young (8192K), 5 survivors (5120K)
 Metaspace       used 77596K, committed 78272K, reserved 557056K
  class space    used 10744K, committed 11072K, reserved 425984K
}
Event: 25.995 GC heap after
{Heap after GC invocations=41 (full 0):
 garbage-first heap   total 178176K, used 88136K [0x0000000080000000, 0x0000000100000000)
  region size 1024K, 1 young (1024K), 1 survivors (1024K)
 Metaspace       used 77596K, committed 78272K, reserved 557056K
  class space    used 10744K, committed 11072K, reserved 425984K
}
Event: 26.669 GC heap before
{Heap before GC invocations=41 (full 0):
 garbage-first heap   total 178176K, used 135240K [0x0000000080000000, 0x0000000100000000)
  region size 1024K, 47 young (48128K), 1 survivors (1024K)
 Metaspace       used 81131K, committed 81856K, reserved 557056K
  class space    used 11189K, committed 11520K, reserved 425984K
}
Event: 26.676 GC heap after
{Heap after GC invocations=42 (full 0):
 garbage-first heap   total 178176K, used 89812K [0x0000000080000000, 0x0000000100000000)
  region size 1024K, 3 young (3072K), 3 survivors (3072K)
 Metaspace       used 81131K, committed 81856K, reserved 557056K
  class space    used 11189K, committed 11520K, reserved 425984K
}
Event: 27.209 GC heap before
{Heap before GC invocations=43 (full 0):
 garbage-first heap   total 178176K, used 137940K [0x0000000080000000, 0x0000000100000000)
  region size 1024K, 50 young (51200K), 3 survivors (3072K)
 Metaspace       used 81992K, committed 82688K, reserved 557056K
  class space    used 11324K, committed 11648K, reserved 425984K
}
Event: 27.218 GC heap after
{Heap after GC invocations=44 (full 0):
 garbage-first heap   total 178176K, used 93001K [0x0000000080000000, 0x0000000100000000)
  region size 1024K, 6 young (6144K), 6 survivors (6144K)
 Metaspace       used 81992K, committed 82688K, reserved 557056K
  class space    used 11324K, committed 11648K, reserved 425984K
}
Event: 30.211 GC heap before
{Heap before GC invocations=44 (full 0):
 garbage-first heap   total 178176K, used 95049K [0x0000000080000000, 0x0000000100000000)
  region size 1024K, 8 young (8192K), 6 survivors (6144K)
 Metaspace       used 82071K, committed 82816K, reserved 557056K
  class space    used 11336K, committed 11712K, reserved 425984K
}
Event: 30.219 GC heap after
{Heap after GC invocations=45 (full 0):
 garbage-first heap   total 353280K, used 93400K [0x0000000080000000, 0x0000000100000000)
  region size 1024K, 1 young (1024K), 1 survivors (1024K)
 Metaspace       used 82071K, committed 82816K, reserved 557056K
  class space    used 11336K, committed 11712K, reserved 425984K
}
Event: 32.511 GC heap before
{Heap before GC invocations=45 (full 0):
 garbage-first heap   total 353280K, used 247000K [0x0000000080000000, 0x0000000100000000)
  region size 1024K, 150 young (153600K), 1 survivors (1024K)
 Metaspace       used 90994K, committed 91840K, reserved 557056K
  class space    used 12755K, committed 13120K, reserved 425984K
}
Event: 32.526 GC heap after
{Heap after GC invocations=46 (full 0):
 garbage-first heap   total 353280K, used 101998K [0x0000000080000000, 0x0000000100000000)
  region size 1024K, 10 young (10240K), 10 survivors (10240K)
 Metaspace       used 90994K, committed 91840K, reserved 557056K
  class space    used 12755K, committed 13120K, reserved 425984K
}
Event: 35.622 GC heap before
{Heap before GC invocations=46 (full 0):
 garbage-first heap   total 353280K, used 264814K [0x0000000080000000, 0x0000000100000000)
  region size 1024K, 163 young (166912K), 10 survivors (10240K)
 Metaspace       used 98091K, committed 99136K, reserved 557056K
  class space    used 13730K, committed 14208K, reserved 425984K
}
Event: 35.655 GC heap after
{Heap after GC invocations=47 (full 0):
 garbage-first heap   total 353280K, used 132381K [0x0000000080000000, 0x0000000100000000)
  region size 1024K, 21 young (21504K), 21 survivors (21504K)
 Metaspace       used 98091K, committed 99136K, reserved 557056K
  class space    used 13730K, committed 14208K, reserved 425984K
}
Event: 37.403 GC heap before
{Heap before GC invocations=47 (full 0):
 garbage-first heap   total 353280K, used 263453K [0x0000000080000000, 0x0000000100000000)
  region size 1024K, 149 young (152576K), 21 survivors (21504K)
 Metaspace       used 101695K, committed 102720K, reserved 557056K
  class space    used 14158K, committed 14656K, reserved 425984K
}
Event: 37.442 GC heap after
{Heap after GC invocations=48 (full 0):
 garbage-first heap   total 353280K, used 146753K [0x0000000080000000, 0x0000000100000000)
  region size 1024K, 14 young (14336K), 14 survivors (14336K)
 Metaspace       used 101695K, committed 102720K, reserved 557056K
  class space    used 14158K, committed 14656K, reserved 425984K
}
Event: 39.658 GC heap before
{Heap before GC invocations=48 (full 0):
 garbage-first heap   total 353280K, used 267585K [0x0000000080000000, 0x0000000100000000)
  region size 1024K, 133 young (136192K), 14 survivors (14336K)
 Metaspace       used 103039K, committed 104064K, reserved 557056K
  class space    used 14310K, committed 14784K, reserved 425984K
}
Event: 39.690 GC heap after
{Heap after GC invocations=49 (full 0):
 garbage-first heap   total 353280K, used 155480K [0x0000000080000000, 0x0000000100000000)
  region size 1024K, 9 young (9216K), 9 survivors (9216K)
 Metaspace       used 103039K, committed 104064K, reserved 557056K
  class space    used 14310K, committed 14784K, reserved 425984K
}

