# JRE version: OpenJDK Runtime Environment Microsoft-8035246 (17.0.8+7) (build 17.0.8+7-LTS)
# Java VM: OpenJDK 64-Bit Server VM Microsoft-8035246 (17.0.8+7-LTS, mixed mode, sharing, tiered, compressed oops, compressed class ptrs, g1 gc, windows-amd64)
GC Precious Log:
 CPUs: 4 total, 4 available
 Memory: 16169M
 Large Page Support: Disabled
 NUMA Support: Disabled
 Compressed Oops: Enabled (32-bit)
 Heap Region Size: 1M
 Heap Min Capacity: 8M
 Heap Initial Capacity: 254M
 Heap Max Capacity: 2G
 Pre-touch: Disabled
 Parallel Workers: 4
 Concurrent Workers: 1
 Concurrent Refinement Workers: 4
 Periodic GC: Disabled
Heap:
 garbage-first heap   total 340992K, used 215030K [0x0000000080000000, 0x0000000100000000)
  region size 1024K, 38 young (38912K), 7 survivors (7168K)
 Metaspace       used 103492K, committed 104704K, reserved 557056K
  class space    used 14423K, committed 14976K, reserved 425984K
GC Heap History (20 events):
Event: 64.705 GC heap before
{Heap before GC invocations=62 (full 0):
 garbage-first heap   total 209920K, used 159003K [0x0000000080000000, 0x0000000100000000)
  region size 1024K, 36 young (36864K), 2 survivors (2048K)
 Metaspace       used 91834K, committed 92864K, reserved 557056K
  class space    used 12922K, committed 13376K, reserved 425984K
}
Event: 64.711 GC heap after
{Heap after GC invocations=63 (full 0):
 garbage-first heap   total 209920K, used 125951K [0x0000000080000000, 0x0000000100000000)
  region size 1024K, 3 young (3072K), 3 survivors (3072K)
 Metaspace       used 91834K, committed 92864K, reserved 557056K
  class space    used 12922K, committed 13376K, reserved 425984K
}
Event: 66.009 GC heap before
{Heap before GC invocations=64 (full 0):
 garbage-first heap   total 225280K, used 161791K [0x0000000080000000, 0x0000000100000000)
  region size 1024K, 38 young (38912K), 3 survivors (3072K)
 Metaspace       used 93708K, committed 94720K, reserved 557056K
  class space    used 13210K, committed 13696K, reserved 425984K
}
Event: 66.016 GC heap after
{Heap after GC invocations=65 (full 0):
 garbage-first heap   total 225280K, used 127591K [0x0000000080000000, 0x0000000100000000)
  region size 1024K, 4 young (4096K), 4 survivors (4096K)
 Metaspace       used 93708K, committed 94720K, reserved 557056K
  class space    used 13210K, committed 13696K, reserved 425984K
}
Event: 66.295 GC heap before
{Heap before GC invocations=65 (full 0):
 garbage-first heap   total 225280K, used 134759K [0x0000000080000000, 0x0000000100000000)
  region size 1024K, 11 young (11264K), 4 survivors (4096K)
 Metaspace       used 94045K, committed 95040K, reserved 557056K
  class space    used 13255K, committed 13696K, reserved 425984K
}
Event: 66.301 GC heap after
{Heap after GC invocations=66 (full 0):
 garbage-first heap   total 225280K, used 127681K [0x0000000080000000, 0x0000000100000000)
  region size 1024K, 1 young (1024K), 1 survivors (1024K)
 Metaspace       used 94045K, committed 95040K, reserved 557056K
  class space    used 13255K, committed 13696K, reserved 425984K
}
Event: 67.828 GC heap before
{Heap before GC invocations=66 (full 0):
 garbage-first heap   total 225280K, used 174785K [0x0000000080000000, 0x0000000100000000)
  region size 1024K, 47 young (48128K), 1 survivors (1024K)
 Metaspace       used 95773K, committed 96832K, reserved 557056K
  class space    used 13476K, committed 13952K, reserved 425984K
}
Event: 67.837 GC heap after
{Heap after GC invocations=67 (full 0):
 garbage-first heap   total 225280K, used 132066K [0x0000000080000000, 0x0000000100000000)
  region size 1024K, 6 young (6144K), 6 survivors (6144K)
 Metaspace       used 95773K, committed 96832K, reserved 557056K
  class space    used 13476K, committed 13952K, reserved 425984K
}
Event: 69.450 GC heap before
{Heap before GC invocations=68 (full 0):
 garbage-first heap   total 230400K, used 177122K [0x0000000080000000, 0x0000000100000000)
  region size 1024K, 50 young (51200K), 6 survivors (6144K)
 Metaspace       used 96013K, committed 97024K, reserved 557056K
  class space    used 13501K, committed 13952K, reserved 425984K
}
Event: 69.465 GC heap after
{Heap after GC invocations=69 (full 0):
 garbage-first heap   total 230400K, used 139739K [0x0000000080000000, 0x0000000100000000)
  region size 1024K, 7 young (7168K), 7 survivors (7168K)
 Metaspace       used 96013K, committed 97024K, reserved 557056K
  class space    used 13501K, committed 13952K, reserved 425984K
}
Event: 69.538 GC heap before
{Heap before GC invocations=69 (full 0):
 garbage-first heap   total 230400K, used 143835K [0x0000000080000000, 0x0000000100000000)
  region size 1024K, 11 young (11264K), 7 survivors (7168K)
 Metaspace       used 96015K, committed 97024K, reserved 557056K
  class space    used 13501K, committed 13952K, reserved 425984K
}
Event: 69.550 GC heap after
{Heap after GC invocations=70 (full 0):
 garbage-first heap   total 230400K, used 140731K [0x0000000080000000, 0x0000000100000000)
  region size 1024K, 1 young (1024K), 1 survivors (1024K)
 Metaspace       used 96015K, committed 97024K, reserved 557056K
  class space    used 13501K, committed 13952K, reserved 425984K
}
Event: 71.488 GC heap before
{Heap before GC invocations=70 (full 0):
 garbage-first heap   total 230400K, used 185787K [0x0000000080000000, 0x0000000100000000)
  region size 1024K, 44 young (45056K), 1 survivors (1024K)
 Metaspace       used 96369K, committed 97408K, reserved 557056K
  class space    used 13541K, committed 14016K, reserved 425984K
}
Event: 71.500 GC heap after
{Heap after GC invocations=71 (full 0):
 garbage-first heap   total 340992K, used 148478K [0x0000000080000000, 0x0000000100000000)
  region size 1024K, 6 young (6144K), 6 survivors (6144K)
 Metaspace       used 96369K, committed 97408K, reserved 557056K
  class space    used 13541K, committed 14016K, reserved 425984K
}
Event: 77.999 GC heap before
{Heap before GC invocations=71 (full 0):
 garbage-first heap   total 340992K, used 251902K [0x0000000080000000, 0x0000000100000000)
  region size 1024K, 107 young (109568K), 6 survivors (6144K)
 Metaspace       used 101106K, committed 102272K, reserved 557056K
  class space    used 14195K, committed 14720K, reserved 425984K
}
Event: 78.025 GC heap after
{Heap after GC invocations=72 (full 0):
 garbage-first heap   total 340992K, used 164761K [0x0000000080000000, 0x0000000100000000)
  region size 1024K, 14 young (14336K), 14 survivors (14336K)
 Metaspace       used 101106K, committed 102272K, reserved 557056K
  class space    used 14195K, committed 14720K, reserved 425984K
}
Event: 81.591 GC heap before
{Heap before GC invocations=72 (full 0):
 garbage-first heap   total 340992K, used 258969K [0x0000000080000000, 0x0000000100000000)
  region size 1024K, 106 young (108544K), 14 survivors (14336K)
 Metaspace       used 102231K, committed 103424K, reserved 557056K
  class space    used 14290K, committed 14848K, reserved 425984K
}
Event: 81.623 GC heap after
{Heap after GC invocations=73 (full 0):
 garbage-first heap   total 340992K, used 177517K [0x0000000080000000, 0x0000000100000000)
  region size 1024K, 13 young (13312K), 13 survivors (13312K)
 Metaspace       used 102231K, committed 103424K, reserved 557056K
  class space    used 14290K, committed 14848K, reserved 425984K
}
Event: 84.155 GC heap before
{Heap before GC invocations=73 (full 0):
 garbage-first heap   total 340992K, used 263533K [0x0000000080000000, 0x0000000100000000)
  region size 1024K, 98 young (100352K), 13 survivors (13312K)
 Metaspace       used 103396K, committed 104576K, reserved 557056K
  class space    used 14423K, committed 14976K, reserved 425984K
}
Event: 84.182 GC heap after
{Heap after GC invocations=74 (full 0):
 garbage-first heap   total 340992K, used 185334K [0x0000000080000000, 0x0000000100000000)
  region size 1024K, 7 young (7168K), 7 survivors (7168K)
 Metaspace       used 103396K, committed 104576K, reserved 557056K
  class space    used 14423K, committed 14976K, reserved 425984K
}

