# JRE version: OpenJDK Runtime Environment Microsoft-8035246 (17.0.8+7) (build 17.0.8+7-LTS)
# Java VM: OpenJDK 64-Bit Server VM Microsoft-8035246 (17.0.8+7-LTS, mixed mode, sharing, tiered, compressed oops, compressed class ptrs, g1 gc, windows-amd64)
GC Precious Log:
 CPUs: 4 total, 4 available
 Memory: 16169M
 Large Page Support: Disabled
 NUMA Support: Disabled
 Compressed Oops: Enabled (32-bit)
 Heap Region Size: 1M
 Heap Min Capacity: 8M
 Heap Initial Capacity: 254M
 Heap Max Capacity: 2G
 Pre-touch: Disabled
 Parallel Workers: 4
 Concurrent Workers: 1
 Concurrent Refinement Workers: 4
 Periodic GC: Disabled
Heap:
 garbage-first heap   total 204800K, used 152906K [0x0000000080000000, 0x0000000100000000)
  region size 1024K, 6 young (6144K), 3 survivors (3072K)
 Metaspace       used 102505K, committed 103360K, reserved 557056K
  class space    used 14232K, committed 14656K, reserved 425984K
GC Heap History (20 events):
Event: 44.697 GC heap before
{Heap before GC invocations=56 (full 0):
 garbage-first heap   total 204800K, used 167265K [0x0000000080000000, 0x0000000100000000)
  region size 1024K, 65 young (66560K), 7 survivors (7168K)
 Metaspace       used 92506K, committed 93312K, reserved 557056K
  class space    used 12934K, committed 13312K, reserved 425984K
}
Event: 44.717 GC heap after
{Heap after GC invocations=57 (full 0):
 garbage-first heap   total 204800K, used 121394K [0x0000000080000000, 0x0000000100000000)
  region size 1024K, 9 young (9216K), 9 survivors (9216K)
 Metaspace       used 92506K, committed 93312K, reserved 557056K
  class space    used 12934K, committed 13312K, reserved 425984K
}
Event: 45.654 GC heap before
{Heap before GC invocations=57 (full 0):
 garbage-first heap   total 204800K, used 165426K [0x0000000080000000, 0x0000000100000000)
  region size 1024K, 52 young (53248K), 9 survivors (9216K)
 Metaspace       used 94868K, committed 95680K, reserved 557056K
  class space    used 13255K, committed 13632K, reserved 425984K
}
Event: 45.666 GC heap after
{Heap after GC invocations=58 (full 0):
 garbage-first heap   total 204800K, used 125663K [0x0000000080000000, 0x0000000100000000)
  region size 1024K, 4 young (4096K), 4 survivors (4096K)
 Metaspace       used 94868K, committed 95680K, reserved 557056K
  class space    used 13255K, committed 13632K, reserved 425984K
}
Event: 46.591 GC heap before
{Heap before GC invocations=58 (full 0):
 garbage-first heap   total 204800K, used 167647K [0x0000000080000000, 0x0000000100000000)
  region size 1024K, 45 young (46080K), 4 survivors (4096K)
 Metaspace       used 98561K, committed 99520K, reserved 557056K
  class space    used 13758K, committed 14208K, reserved 425984K
}
Event: 46.606 GC heap after
{Heap after GC invocations=59 (full 0):
 garbage-first heap   total 204800K, used 129425K [0x0000000080000000, 0x0000000100000000)
  region size 1024K, 4 young (4096K), 4 survivors (4096K)
 Metaspace       used 98561K, committed 99520K, reserved 557056K
  class space    used 13758K, committed 14208K, reserved 425984K
}
Event: 47.314 GC heap before
{Heap before GC invocations=59 (full 0):
 garbage-first heap   total 204800K, used 169361K [0x0000000080000000, 0x0000000100000000)
  region size 1024K, 43 young (44032K), 4 survivors (4096K)
 Metaspace       used 100336K, committed 101248K, reserved 557056K
  class space    used 13986K, committed 14400K, reserved 425984K
}
Event: 47.326 GC heap after
{Heap after GC invocations=60 (full 0):
 garbage-first heap   total 204800K, used 132354K [0x0000000080000000, 0x0000000100000000)
  region size 1024K, 4 young (4096K), 4 survivors (4096K)
 Metaspace       used 100336K, committed 101248K, reserved 557056K
  class space    used 13986K, committed 14400K, reserved 425984K
}
Event: 47.995 GC heap before
{Heap before GC invocations=60 (full 0):
 garbage-first heap   total 204800K, used 170242K [0x0000000080000000, 0x0000000100000000)
  region size 1024K, 41 young (41984K), 4 survivors (4096K)
 Metaspace       used 101034K, committed 101952K, reserved 557056K
  class space    used 14061K, committed 14528K, reserved 425984K
}
Event: 48.010 GC heap after
{Heap after GC invocations=61 (full 0):
 garbage-first heap   total 204800K, used 136670K [0x0000000080000000, 0x0000000100000000)
  region size 1024K, 5 young (5120K), 5 survivors (5120K)
 Metaspace       used 101034K, committed 101952K, reserved 557056K
  class space    used 14061K, committed 14528K, reserved 425984K
}
Event: 48.777 GC heap before
{Heap before GC invocations=61 (full 0):
 garbage-first heap   total 204800K, used 170462K [0x0000000080000000, 0x0000000100000000)
  region size 1024K, 39 young (39936K), 5 survivors (5120K)
 Metaspace       used 101812K, committed 102720K, reserved 557056K
  class space    used 14169K, committed 14592K, reserved 425984K
}
Event: 48.789 GC heap after
{Heap after GC invocations=62 (full 0):
 garbage-first heap   total 204800K, used 139574K [0x0000000080000000, 0x0000000100000000)
  region size 1024K, 3 young (3072K), 3 survivors (3072K)
 Metaspace       used 101812K, committed 102720K, reserved 557056K
  class space    used 14169K, committed 14592K, reserved 425984K
}
Event: 49.629 GC heap before
{Heap before GC invocations=62 (full 0):
 garbage-first heap   total 204800K, used 173366K [0x0000000080000000, 0x0000000100000000)
  region size 1024K, 36 young (36864K), 3 survivors (3072K)
 Metaspace       used 102267K, committed 103168K, reserved 557056K
  class space    used 14228K, committed 14656K, reserved 425984K
}
Event: 49.639 GC heap after
{Heap after GC invocations=63 (full 0):
 garbage-first heap   total 204800K, used 143654K [0x0000000080000000, 0x0000000100000000)
  region size 1024K, 4 young (4096K), 4 survivors (4096K)
 Metaspace       used 102267K, committed 103168K, reserved 557056K
  class space    used 14228K, committed 14656K, reserved 425984K
}
Event: 50.334 GC heap before
{Heap before GC invocations=63 (full 0):
 garbage-first heap   total 204800K, used 172326K [0x0000000080000000, 0x0000000100000000)
  region size 1024K, 33 young (33792K), 4 survivors (4096K)
 Metaspace       used 102277K, committed 103168K, reserved 557056K
  class space    used 14228K, committed 14656K, reserved 425984K
}
Event: 50.341 GC heap after
{Heap after GC invocations=64 (full 0):
 garbage-first heap   total 204800K, used 145011K [0x0000000080000000, 0x0000000100000000)
  region size 1024K, 2 young (2048K), 2 survivors (2048K)
 Metaspace       used 102277K, committed 103168K, reserved 557056K
  class space    used 14228K, committed 14656K, reserved 425984K
}
Event: 50.904 GC heap before
{Heap before GC invocations=64 (full 0):
 garbage-first heap   total 204800K, used 176755K [0x0000000080000000, 0x0000000100000000)
  region size 1024K, 30 young (30720K), 2 survivors (2048K)
 Metaspace       used 102319K, committed 103232K, reserved 557056K
  class space    used 14229K, committed 14656K, reserved 425984K
}
Event: 50.909 GC heap after
{Heap after GC invocations=65 (full 0):
 garbage-first heap   total 204800K, used 147284K [0x0000000080000000, 0x0000000100000000)
  region size 1024K, 4 young (4096K), 4 survivors (4096K)
 Metaspace       used 102319K, committed 103232K, reserved 557056K
  class space    used 14229K, committed 14656K, reserved 425984K
}
Event: 51.289 GC heap before
{Heap before GC invocations=65 (full 0):
 garbage-first heap   total 204800K, used 173908K [0x0000000080000000, 0x0000000100000000)
  region size 1024K, 31 young (31744K), 4 survivors (4096K)
 Metaspace       used 102403K, committed 103296K, reserved 557056K
  class space    used 14229K, committed 14656K, reserved 425984K
}
Event: 51.295 GC heap after
{Heap after GC invocations=66 (full 0):
 garbage-first heap   total 204800K, used 149547K [0x0000000080000000, 0x0000000100000000)
  region size 1024K, 3 young (3072K), 3 survivors (3072K)
 Metaspace       used 102403K, committed 103296K, reserved 557056K
  class space    used 14229K, committed 14656K, reserved 425984K
}

